[debug] > Exec(compile, None, None)
[debug] Evaluating tasks: Compile / compile
[debug] Running task... Cancel: Signal, check cycles: false, forcegc: true
[info] compiling 6 Scala sources to C:\Users\serer\IdeaProjects\Games\target\scala-3.1.3\classes ...
[error] -- [E032] Syntax Error: C:\Users\serer\IdeaProjects\Games\src\main\scala\Gallows2.scala:133:43 
[error] 133 |        (newSet, newErrors) = tempCheckWord
[error]     |                                           ^
[error]     |                                           pattern expected
[error]     |
[error]     | longer explanation available when compiling with `-explain`
[error] -- [E008] Not Found Error: C:\Users\serer\IdeaProjects\Games\src\main\scala\Gallows2.scala:134:64 
[error] 134 |        val gameState = getGameState(guessedLetter, enterLetter)
[error]     |                                                                ^
[error]     |value withFilter is not a member of Null, but could be made available as an extension method.
[error]     |
[error]     |One of the following imports might fix the problem:
[error]     |
[error]     |  import Option.option2Iterable
[error]     |  import collection.LazyZip2.lazyZip2ToIterable
[error]     |  import collection.LazyZip3.lazyZip3ToIterable
[error]     |  import collection.LazyZip4.lazyZip4ToIterable
[error]     |  import collection.convert.ImplicitConversions.list asScalaBuffer
[error]     |  import collection.convert.ImplicitConversions.properties AsScalaMap
[error]     |  import collection.convert.ImplicitConversions.enumeration AsScalaIterator
[error]     |  import collection.convert.ImplicitConversions.iterator asScala
[error]     |  import collection.convert.ImplicitConversions.map AsScalaConcurrentMap
[error]     |  import collection.convert.ImplicitConversions.set asScala
[error]     |
[error] two errors found
[error] (Compile / compileIncremental) Compilation failed
[error] Total time: 2 s, completed 25 июл. 2022 г., 18:03:43
[debug] > Exec(idea-shell, None, None)
